<?xml version="1.0" encoding="UTF-8"?>
<!-- Generated by org.testng.reporters.JUnitReportReporter -->
<testsuite hostname="Aji" failures="0" tests="9" name="ENetwork.FooterMain" time="138.514" errors="0" timestamp="2023-06-19T12:50:40 IST" skipped="0">
  <testcase classname="ENetwork.FooterMain" name="DataCenter" time="8.575"/>
  <system-out/>
  <testcase classname="ENetwork.FooterMain" name="DigitalDisplays" time="5.363"/>
  <system-out/>
  <testcase classname="ENetwork.FooterMain" name="Services" time="21.724"/>
  <system-out/>
  <testcase classname="ENetwork.FooterMain" name="Printing" time="6.537"/>
  <system-out/>
  <testcase classname="ENetwork.FooterMain" name="User" time="21.659"/>
  <system-out/>
  <testcase classname="ENetwork.FooterMain" name="Accessories" time="4.877"/>
  <system-out/>
  <testcase classname="ENetwork.FooterMain" name="software" time="6.867"/>
  <system-out/>
  <testcase classname="ENetwork.FooterMain" name="printer" time="34.998"/>
  <system-out/>
  <testcase classname="ENetwork.FooterMain" name="Footer" time="27.914"/>
  <system-out/>
</testsuite> <!-- ENetwork.FooterMain -->
