<?xml version="1.0" encoding="UTF-8"?>
<!-- Generated by org.testng.reporters.JUnitReportReporter -->
<testsuite hostname="Aji" failures="0" tests="8" name="ENetwork.HomePage" time="53.582" errors="0" timestamp="2023-06-14T17:36:04 IST" skipped="1">
  <testcase classname="ENetwork.HomePage" name="HomeData" time="8.967"/>
  <system-out/>
  <testcase classname="ENetwork.HomePage" name="HomeDigital" time="6.160"/>
  <system-out/>
  <testcase classname="ENetwork.HomePage" name="HomeServices" time="6.305"/>
  <system-out/>
  <testcase classname="ENetwork.HomePage" name="HomePrint" time="6.425"/>
  <system-out/>
  <testcase classname="ENetwork.HomePage" name="HomeUser" time="6.226"/>
  <system-out/>
  <testcase classname="ENetwork.HomePage" name="Home3D" time="6.265"/>
  <system-out/>
  <testcase classname="ENetwork.HomePage" name="Moresolution" time="13.234"/>
  <system-out/>
  <testcase classname="ENetwork.HomePage" name="Scroll">
    <skipped/>
  </testcase> <!-- Scroll -->
  <system-out/>
</testsuite> <!-- ENetwork.HomePage -->
