<?xml version="1.0" encoding="UTF-8"?>
<!-- Generated by org.testng.reporters.JUnitReportReporter -->
<testsuite hostname="Aji" failures="0" tests="8" name="ENetwork.HomePage" time="51.490" errors="0" timestamp="2023-06-12T10:15:50 IST" skipped="1">
  <testcase classname="ENetwork.HomePage" name="HomeData" time="7.108"/>
  <system-out/>
  <testcase classname="ENetwork.HomePage" name="HomeDigital" time="6.221"/>
  <system-out/>
  <testcase classname="ENetwork.HomePage" name="HomeServices" time="6.306"/>
  <system-out/>
  <testcase classname="ENetwork.HomePage" name="HomePrint" time="6.235"/>
  <system-out/>
  <testcase classname="ENetwork.HomePage" name="HomeUser" time="6.238"/>
  <system-out/>
  <testcase classname="ENetwork.HomePage" name="Home3D" time="6.360"/>
  <system-out/>
  <testcase classname="ENetwork.HomePage" name="Moresolution" time="13.022"/>
  <system-out/>
  <testcase classname="ENetwork.HomePage" name="Scroll">
    <skipped/>
  </testcase> <!-- Scroll -->
  <system-out/>
</testsuite> <!-- ENetwork.HomePage -->
