<?xml version="1.0" encoding="UTF-8"?>
<!-- Generated by org.testng.reporters.JUnitReportReporter -->
<testsuite hostname="Aji" failures="0" tests="5" name="ENetwork.HeaderMain" time="90.097" errors="0" timestamp="2023-06-19T12:50:40 IST" skipped="0">
  <testcase classname="ENetwork.HeaderMain" name="Home" time="4.975"/>
  <system-out/>
  <testcase classname="ENetwork.HeaderMain" name="Solution" time="62.544"/>
  <system-out/>
  <testcase classname="ENetwork.HeaderMain" name="Software" time="0.684"/>
  <system-out/>
  <testcase classname="ENetwork.HeaderMain" name="Consultant" time="21.211"/>
  <system-out/>
  <testcase classname="ENetwork.HeaderMain" name="Contact" time="0.683"/>
  <system-out/>
</testsuite> <!-- ENetwork.HeaderMain -->
