<?xml version="1.0" encoding="UTF-8"?>
<!-- Generated by org.testng.reporters.JUnitReportReporter -->
<testsuite hostname="Aji" failures="0" tests="4" name="ENetwork.HeaderMain" time="69.773" errors="0" timestamp="2023-06-14T10:22:39 IST" skipped="0">
  <testcase classname="ENetwork.HeaderMain" name="Home" time="4.835"/>
  <system-out/>
  <testcase classname="ENetwork.HeaderMain" name="Solution" time="63.731"/>
  <system-out/>
  <testcase classname="ENetwork.HeaderMain" name="Software" time="0.676"/>
  <system-out/>
  <testcase classname="ENetwork.HeaderMain" name="Contact" time="0.531"/>
  <system-out/>
</testsuite> <!-- ENetwork.HeaderMain -->
