<?xml version="1.0" encoding="UTF-8"?>
<!-- Generated by org.testng.reporters.JUnitReportReporter -->
<testsuite hostname="Aji" failures="0" tests="1" name="ENetwork.Testing" time="29.992" errors="0" timestamp="2023-06-06T15:58:47 IST" skipped="0">
  <testcase classname="ENetwork.Testing" name="Rework" time="29.992"/>
  <system-out/>
</testsuite> <!-- ENetwork.Testing -->
