<?xml version="1.0" encoding="UTF-8"?>
<!-- Generated by org.testng.reporters.JUnitReportReporter -->
<testsuite hostname="Aji" failures="0" tests="8" name="ENetwork.FooterMain" time="64.278" errors="0" timestamp="2023-06-12T10:15:50 IST" skipped="0">
  <testcase classname="ENetwork.FooterMain" name="DataCenter" time="4.018"/>
  <system-out/>
  <testcase classname="ENetwork.FooterMain" name="DigitalDisplays" time="3.258"/>
  <system-out/>
  <testcase classname="ENetwork.FooterMain" name="Services" time="11.562"/>
  <system-out/>
  <testcase classname="ENetwork.FooterMain" name="Printing" time="6.606"/>
  <system-out/>
  <testcase classname="ENetwork.FooterMain" name="User" time="7.571"/>
  <system-out/>
  <testcase classname="ENetwork.FooterMain" name="Accessories" time="4.751"/>
  <system-out/>
  <testcase classname="ENetwork.FooterMain" name="software" time="6.868"/>
  <system-out/>
  <testcase classname="ENetwork.FooterMain" name="printer" time="19.644"/>
  <system-out/>
</testsuite> <!-- ENetwork.FooterMain -->
