<?xml version="1.0" encoding="UTF-8"?>
<!-- Generated by org.testng.reporters.JUnitReportReporter -->
<testsuite hostname="Aji" failures="0" tests="2" name="ENetwork.Contact_US" time="5.032" errors="0" timestamp="2023-06-10T10:16:17 IST" skipped="0">
  <testcase classname="ENetwork.Contact_US" name="openPage" time="4.307"/>
  <system-out/>
  <testcase classname="ENetwork.Contact_US" name="contactPop" time="0.725"/>
  <system-out/>
</testsuite> <!-- ENetwork.Contact_US -->
