<?xml version="1.0" encoding="UTF-8"?>
<!-- Generated by org.testng.reporters.JUnitReportReporter -->
<testsuite hostname="Aji" failures="0" tests="8" name="ENetwork.HomePage" time="52.014" errors="0" timestamp="2023-06-19T12:50:40 IST" skipped="1">
  <testcase classname="ENetwork.HomePage" name="HomeData" time="7.057"/>
  <system-out/>
  <testcase classname="ENetwork.HomePage" name="HomeDigital" time="6.592"/>
  <system-out/>
  <testcase classname="ENetwork.HomePage" name="HomeServices" time="6.265"/>
  <system-out/>
  <testcase classname="ENetwork.HomePage" name="HomePrint" time="6.218"/>
  <system-out/>
  <testcase classname="ENetwork.HomePage" name="HomeUser" time="6.237"/>
  <system-out/>
  <testcase classname="ENetwork.HomePage" name="Home3D" time="6.322"/>
  <system-out/>
  <testcase classname="ENetwork.HomePage" name="Moresolution" time="13.323"/>
  <system-out/>
  <testcase classname="ENetwork.HomePage" name="Scroll">
    <skipped/>
  </testcase> <!-- Scroll -->
  <system-out/>
</testsuite> <!-- ENetwork.HomePage -->
