<?xml version="1.0" encoding="UTF-8"?>
<!-- Generated by org.testng.reporters.JUnitReportReporter -->
<testsuite hostname="Aji" failures="0" tests="8" name="ENetwork.FooterMain" time="110.425" errors="0" timestamp="2023-06-14T10:22:39 IST" skipped="0">
  <testcase classname="ENetwork.FooterMain" name="DataCenter" time="8.093"/>
  <system-out/>
  <testcase classname="ENetwork.FooterMain" name="DigitalDisplays" time="5.404"/>
  <system-out/>
  <testcase classname="ENetwork.FooterMain" name="Services" time="21.188"/>
  <system-out/>
  <testcase classname="ENetwork.FooterMain" name="Printing" time="6.458"/>
  <system-out/>
  <testcase classname="ENetwork.FooterMain" name="User" time="21.680"/>
  <system-out/>
  <testcase classname="ENetwork.FooterMain" name="Accessories" time="4.932"/>
  <system-out/>
  <testcase classname="ENetwork.FooterMain" name="software" time="7.904"/>
  <system-out/>
  <testcase classname="ENetwork.FooterMain" name="printer" time="34.766"/>
  <system-out/>
</testsuite> <!-- ENetwork.FooterMain -->
