<?xml version="1.0" encoding="UTF-8"?>
<!-- Generated by org.testng.reporters.JUnitReportReporter -->
<testsuite hostname="Aji" failures="0" tests="9" name="ENetwork.FooterMain" time="156.612" errors="0" timestamp="2023-06-19T10:39:54 IST" skipped="0">
  <testcase classname="ENetwork.FooterMain" name="DataCenter" time="8.188"/>
  <system-out/>
  <testcase classname="ENetwork.FooterMain" name="DigitalDisplays" time="5.399"/>
  <system-out/>
  <testcase classname="ENetwork.FooterMain" name="Services" time="21.364"/>
  <system-out/>
  <testcase classname="ENetwork.FooterMain" name="Printing" time="6.449"/>
  <system-out/>
  <testcase classname="ENetwork.FooterMain" name="User" time="21.562"/>
  <system-out/>
  <testcase classname="ENetwork.FooterMain" name="Accessories" time="4.764"/>
  <system-out/>
  <testcase classname="ENetwork.FooterMain" name="software" time="6.929"/>
  <system-out/>
  <testcase classname="ENetwork.FooterMain" name="printer" time="34.697"/>
  <system-out/>
  <testcase classname="ENetwork.FooterMain" name="Footer" time="47.260"/>
  <system-out/>
</testsuite> <!-- ENetwork.FooterMain -->
