<?xml version="1.0" encoding="UTF-8"?>
<!-- Generated by org.testng.reporters.JUnitReportReporter -->
<testsuite hostname="Aji" failures="0" tests="1" name="ENetwork.Header" time="5.626" errors="0" timestamp="2023-05-25T14:40:16 IST" skipped="0">
  <testcase classname="ENetwork.Header" name="OpenBrowser" time="5.626"/>
  <system-out/>
</testsuite> <!-- ENetwork.Header -->
