<?xml version="1.0" encoding="UTF-8"?>
<!-- Generated by org.testng.reporters.JUnitReportReporter -->
<testsuite hostname="Aji" failures="0" tests="1" name="ENetwork.Footer" time="3.628" errors="0" timestamp="2023-05-29T12:02:58 IST" skipped="0">
  <testcase classname="ENetwork.Footer" name="clickfooter" time="3.628"/>
  <system-out/>
</testsuite> <!-- ENetwork.Footer -->
