<?xml version="1.0" encoding="UTF-8"?>
<!-- Generated by org.testng.reporters.JUnitReportReporter -->
<testsuite hostname="Aji" failures="0" tests="8" name="ENetwork.HomePage" time="51.628" errors="0" timestamp="2023-06-14T10:22:39 IST" skipped="1">
  <testcase classname="ENetwork.HomePage" name="HomeData" time="7.263"/>
  <system-out/>
  <testcase classname="ENetwork.HomePage" name="HomeDigital" time="6.253"/>
  <system-out/>
  <testcase classname="ENetwork.HomePage" name="HomeServices" time="6.357"/>
  <system-out/>
  <testcase classname="ENetwork.HomePage" name="HomePrint" time="6.201"/>
  <system-out/>
  <testcase classname="ENetwork.HomePage" name="HomeUser" time="6.196"/>
  <system-out/>
  <testcase classname="ENetwork.HomePage" name="Home3D" time="6.330"/>
  <system-out/>
  <testcase classname="ENetwork.HomePage" name="Moresolution" time="13.028"/>
  <system-out/>
  <testcase classname="ENetwork.HomePage" name="Scroll">
    <skipped/>
  </testcase> <!-- Scroll -->
  <system-out/>
</testsuite> <!-- ENetwork.HomePage -->
