<?xml version="1.0" encoding="UTF-8"?>
<!-- Generated by org.testng.reporters.JUnitReportReporter -->
<testsuite hostname="Aji" failures="0" tests="4" name="ENetwork.HeaderMain" time="66.841" errors="0" timestamp="2023-06-12T10:15:50 IST" skipped="0">
  <testcase classname="ENetwork.HeaderMain" name="Home" time="3.601"/>
  <system-out/>
  <testcase classname="ENetwork.HeaderMain" name="Solution" time="62.166"/>
  <system-out/>
  <testcase classname="ENetwork.HeaderMain" name="Software" time="0.651"/>
  <system-out/>
  <testcase classname="ENetwork.HeaderMain" name="Contact" time="0.423"/>
  <system-out/>
</testsuite> <!-- ENetwork.HeaderMain -->
