<?xml version="1.0" encoding="UTF-8"?>
<!-- Generated by org.testng.reporters.JUnitReportReporter -->
<testsuite hostname="Aji" failures="0" tests="2" name="Testng.ParallelTest" time="12.083" errors="0" timestamp="2023-04-19T16:09:42 IST" skipped="0">
  <testcase classname="Testng.ParallelTest" name="google" time="5.477"/>
  <system-out/>
  <testcase classname="Testng.ParallelTest" name="bing" time="6.606"/>
  <system-out/>
</testsuite> <!-- Testng.ParallelTest -->
