<?xml version="1.0" encoding="UTF-8"?>
<!-- Generated by org.testng.reporters.JUnitReportReporter -->
<testsuite hostname="Aji" failures="0" tests="4" name="Testng.AssertionsTest" time="0.014" errors="0" timestamp="2023-05-02T17:38:08 IST" skipped="0">
  <testcase classname="Testng.AssertionsTest" name="Assertequal" time="0.002"/>
  <system-out/>
  <testcase classname="Testng.AssertionsTest" name="Assernotequal" time="0.010"/>
  <system-out/>
  <testcase classname="Testng.AssertionsTest" name="Asserttrue" time="0.001"/>
  <system-out/>
  <testcase classname="Testng.AssertionsTest" name="Assertfalse" time="0.001"/>
  <system-out/>
</testsuite> <!-- Testng.AssertionsTest -->
