<?xml version="1.0" encoding="UTF-8"?>
<!-- Generated by org.testng.reporters.JUnitReportReporter -->
<testsuite hostname="Aji" failures="0" tests="3" name="Testng.SuiteXml" time="0.012" errors="0" timestamp="2023-04-19T14:10:07 IST" skipped="0">
  <testcase classname="Testng.SuiteXml" name="secondsuite" time="0.003"/>
  <system-out/>
  <testcase classname="Testng.SuiteXml" name="thirdsuite" time="0.001"/>
  <system-out/>
  <testcase classname="Testng.SuiteXml" name="firstsuite" time="0.008"/>
  <system-out/>
</testsuite> <!-- Testng.SuiteXml -->
