<?xml version="1.0" encoding="UTF-8"?>
<!-- Generated by org.testng.reporters.JUnitReportReporter -->
<testsuite hostname="Aji" failures="0" tests="2" name="Testng.Annotatios_order" time="0.007" errors="0" timestamp="2023-04-20T12:47:49 IST" skipped="0">
  <testcase classname="Testng.Annotatios_order" name="test" time="0.004"/>
  <system-out/>
  <testcase classname="Testng.Annotatios_order" name="test1" time="0.003"/>
  <system-out/>
</testsuite> <!-- Testng.Annotatios_order -->
