<?xml version="1.0" encoding="UTF-8"?>
<!-- Generated by org.testng.reporters.JUnitReportReporter -->
<testsuite hostname="Aji" failures="0" tests="3" name="Testng.TestSuite" time="23.616" errors="0" timestamp="2023-04-19T11:37:28 IST" skipped="0">
  <testcase classname="Testng.TestSuite" name="openGoogle" time="2.259"/>
  <system-out/>
  <testcase classname="Testng.TestSuite" name="openBing" time="0.842"/>
  <system-out/>
  <testcase classname="Testng.TestSuite" name="opendYahoo" time="20.515"/>
  <system-out/>
</testsuite> <!-- Testng.TestSuite -->
