<?xml version="1.0" encoding="UTF-8"?>
<!-- Generated by org.testng.reporters.JUnitReportReporter -->
<testsuite hostname="Aji" failures="0" tests="2" name="Testng.GroupTest" time="0.010" errors="0" timestamp="2023-04-19T14:42:17 IST" skipped="0">
  <testcase classname="Testng.GroupTest" name="ninja1" time="0.001"/>
  <system-out/>
  <testcase classname="Testng.GroupTest" name="jaguar1" time="0.009"/>
  <system-out/>
</testsuite> <!-- Testng.GroupTest -->
