<?xml version="1.0" encoding="UTF-8"?>
<!-- Generated by org.testng.reporters.JUnitReportReporter -->
<testsuite hostname="Aji" failures="0" tests="3" name="Testng.Test1" time="0.009" errors="0" timestamp="2023-04-18T15:12:18 IST" skipped="0">
  <testcase classname="Testng.Test1" name="firstcase" time="0.007"/>
  <system-out/>
  <testcase classname="Testng.Test1" name="secondcase" time="0.001"/>
  <system-out/>
  <testcase classname="Testng.Test1" name="thirdcase" time="0.001"/>
  <system-out/>
</testsuite> <!-- Testng.Test1 -->
