<?xml version="1.0" encoding="UTF-8"?>
<!-- Generated by org.testng.reporters.JUnitReportReporter -->
<testsuite hostname="Aji" failures="0" tests="1" name="Testng.Parameters" time="0.012" errors="0" timestamp="2023-04-19T16:07:07 IST" skipped="0">
  <testcase classname="Testng.Parameters" name="cricketer" time="0.012"/>
  <system-out/>
</testsuite> <!-- Testng.Parameters -->
