<?xml version="1.0" encoding="UTF-8"?>
<!-- Generated by org.testng.reporters.JUnitReportReporter -->
<testsuite hostname="Aji" failures="0" tests="3" name="Testng.PriorityTest" time="0.009" errors="0" timestamp="2023-04-19T14:10:07 IST" skipped="0">
  <testcase classname="Testng.PriorityTest" name="firstcase" time="0.003"/>
  <system-out/>
  <testcase classname="Testng.PriorityTest" name="secondcase" time="0.004"/>
  <system-out/>
  <testcase classname="Testng.PriorityTest" name="thridcase" time="0.002"/>
  <system-out/>
</testsuite> <!-- Testng.PriorityTest -->
