<?xml version="1.0" encoding="UTF-8"?>
<!-- Generated by org.testng.reporters.JUnitReportReporter -->
<testsuite hostname="Aji" failures="0" tests="3" name="Testng.SkipMethod" time="0.009" errors="0" timestamp="2023-05-12T10:43:08 IST" skipped="3">
  <testcase classname="Testng.SkipMethod" name="secondcase" time="0.009">
    <skipped/>
  </testcase> <!-- secondcase -->
  <system-out/>
  <testcase classname="Testng.SkipMethod" name="thirdcase">
    <skipped/>
  </testcase> <!-- thirdcase -->
  <system-out/>
  <testcase classname="Testng.SkipMethod" name="firstcase">
    <skipped/>
  </testcase> <!-- firstcase -->
  <system-out/>
</testsuite> <!-- Testng.SkipMethod -->
