<?xml version="1.0" encoding="UTF-8"?>
<!-- Generated by org.testng.reporters.JUnitReportReporter -->
<testsuite hostname="Aji" failures="0" tests="1" name="ThroneWeb.Header" time="35.315" errors="0" timestamp="2023-06-10T10:56:42 IST" skipped="0">
  <testcase classname="ThroneWeb.Header" name="secondtry" time="35.315"/>
  <system-out/>
</testsuite> <!-- ThroneWeb.Header -->
