<?xml version="1.0" encoding="UTF-8"?>
<!-- Generated by org.testng.reporters.JUnitReportReporter -->
<testsuite hostname="Aji" failures="0" tests="1" name="ThroneWeb.Footer" time="27.177" errors="0" timestamp="2023-05-18T11:33:57 IST" skipped="0">
  <testcase classname="ThroneWeb.Footer" name="firsttry" time="27.177"/>
  <system-out/>
</testsuite> <!-- ThroneWeb.Footer -->
